#
# A fatal error has been detected by the Java Runtime Environment:
#
#  EXCEPTION_ACCESS_VIOLATION (0xc0000005) at pc=0x0000000064e78abf, pid=1428, tid=1360
#
# JRE version: 7.0_21-b11
# Java VM: Java HotSpot(TM) 64-Bit Server VM (23.21-b01 mixed mode windows-amd64 compressed oops)
# Problematic frame:
# C  [atio6axx.dll+0x48abf]  DrvPresentBuffers+0x7caf
#
# Failed to write core dump. Minidumps are not enabled by default on client versions of Windows
#
# If you would like to submit a bug report, please visit:
#   http://bugreport.sun.com/bugreport/crash.jsp
# The crash happened outside the Java Virtual Machine in native code.
# See problematic frame for where to report the bug.
#

---------------  T H R E A D  ---------------

Current thread (0x000000001dffa000):  JavaThread "Minecraft main thread" [_thread_in_native, id=1360, stack(0x0000000015ca0000,0x0000000015da0000)]

siginfo: ExceptionCode=0xc0000005, reading address 0x00000000585b3000

Registers:
RAX=0x0000000000000000, RBX=0x00000000580ba648, RCX=0x00000000585b2e80, RDX=0x0000000015d9eb80
RSP=0x0000000015d9eb28, RBP=0x0000000015d9ec30, RSI=0x0000000016a7abb0, RDI=0x00000000580ba410
R8 =0x0000000000000000, R9 =0x0000000057d1bae0, R10=0x0000000000000000, R11=0x0000000045c770b0
R12=0x0000000000000000, R13=0x0000000000000000, R14=0x0000000015d9edf8, R15=0x000000001dffa000
RIP=0x0000000064e78abf, EFLAGS=0x0000000000010246

Top of Stack: (sp=0x0000000015d9eb28)
0x0000000015d9eb28:   00000000658ebe6d 00000000580ba648
0x0000000015d9eb38:   0000000016a7abb0 0000000000000000
0x0000000015d9eb48:   0000000000000100 0000000045c770b0
0x0000000015d9eb58:   0000000000000000 0000000000000000
0x0000000015d9eb68:   0000000000000000 0000000000000000
0x0000000015d9eb78:   0000000000000000 0000000000001000
0x0000000015d9eb88:   00000000585b2e80 0000000058d44000
0x0000000015d9eb98:   0000000000000000 0000000000000000
0x0000000015d9eba8:   0000000000000000 0000000000000000
0x0000000015d9ebb8:   0000000000000000 0000000000000000
0x0000000015d9ebc8:   0000000000000000 0000000000000000
0x0000000015d9ebd8:   0000000000000000 0000000000000000
0x0000000015d9ebe8:   0000000000000000 0000000000000000
0x0000000015d9ebf8:   0000000000000000 0000000000000000
0x0000000015d9ec08:   0000000000000000 0000000000000000
0x0000000015d9ec18:   0000000000000000 0000000000000000 

Instructions: (pc=0x0000000064e78abf)
0x0000000064e78a9f:   42 18 48 8b 81 d8 00 00 00 48 89 42 38 48 8b 81
0x0000000064e78aaf:   d8 00 00 00 48 c7 42 28 00 00 00 00 48 89 42 38
0x0000000064e78abf:   48 8b 81 80 01 00 00 48 89 42 28 48 8b 81 88 01
0x0000000064e78acf:   00 00 48 89 42 30 8b 81 08 01 00 00 89 42 68 8b 


Register to memory mapping:

RAX=0x0000000000000000 is an unknown value
RBX=0x00000000580ba648 is an unknown value
RCX=0x00000000585b2e80 is an unknown value
RDX=0x0000000015d9eb80 is pointing into the stack for thread: 0x000000001dffa000
RSP=0x0000000015d9eb28 is pointing into the stack for thread: 0x000000001dffa000
RBP=0x0000000015d9ec30 is pointing into the stack for thread: 0x000000001dffa000
RSI=0x0000000016a7abb0 is an unknown value
RDI=0x00000000580ba410 is an unknown value
R8 =0x0000000000000000 is an unknown value
R9 =0x0000000057d1bae0 is an unknown value
R10=0x0000000000000000 is an unknown value
R11=0x0000000045c770b0 is an unknown value
R12=0x0000000000000000 is an unknown value
R13=0x0000000000000000 is an unknown value
R14=0x0000000015d9edf8 is pointing into the stack for thread: 0x000000001dffa000
R15=0x000000001dffa000 is a thread


Stack: [0x0000000015ca0000,0x0000000015da0000],  sp=0x0000000015d9eb28,  free space=1018k
Native frames: (J=compiled Java code, j=interpreted, Vv=VM code, C=native code)
C  [atio6axx.dll+0x48abf]  DrvPresentBuffers+0x7caf

Java frames: (J=compiled Java code, j=interpreted, Vv=VM code)
J  org.lwjgl.opengl.ARBOcclusionQuery.nglBeginQueryARB(IIJ)V
J  org.lwjgl.opengl.ARBOcclusionQuery.glBeginQueryARB(II)V
J  net.minecraft.client.renderer.RenderGlobal.func_72719_a(Lnet/minecraft/entity/EntityLiving;ID)I
J  net.minecraft.client.renderer.EntityRenderer.func_78471_a(FJ)V
J  net.minecraft.client.renderer.EntityRenderer.func_78480_b(F)V
J  net.minecraft.client.Minecraft.func_71411_J()V
J  net.minecraft.client.Minecraft.run()V
j  java.lang.Thread.run()V+11
v  ~StubRoutines::call_stub

---------------  P R O C E S S  ---------------

Java Threads: ( => current thread )
  0x000000001300f800 JavaThread "WrUpdateThread" [_thread_blocked, id=2016, stack(0x0000000020e50000,0x0000000020f50000)]
  0x000000001d9d4000 JavaThread "Client write thread" [_thread_blocked, id=6252, stack(0x0000000044d70000,0x0000000044e70000)]
  0x000000001d9d2000 JavaThread "Client read thread" [_thread_in_native, id=1636, stack(0x0000000022670000,0x0000000022770000)]
  0x000000001d9d3800 JavaThread "Thread-79" daemon [_thread_in_native, id=8640, stack(0x0000000039410000,0x0000000039510000)]
  0x0000000017bdd800 JavaThread "Thread-19" [_thread_blocked, id=5576, stack(0x0000000022770000,0x0000000022870000)]
  0x0000000017bdc800 JavaThread "Thread-18" [_thread_blocked, id=7880, stack(0x0000000022570000,0x0000000022670000)]
  0x00000000186a7000 JavaThread "TC Aura Update Thread" [_thread_blocked, id=3124, stack(0x0000000022470000,0x0000000022570000)]
  0x00000000186aa000 JavaThread "TC Aura Deletion Thread" [_thread_blocked, id=6240, stack(0x0000000022370000,0x0000000022470000)]
  0x00000000186a9000 JavaThread "TC Aura Calculation Thread" [_thread_blocked, id=2412, stack(0x0000000022270000,0x0000000022370000)]
  0x00000000186a7800 JavaThread "Thread-11" [_thread_blocked, id=8408, stack(0x00000000177d0000,0x00000000178d0000)]
  0x0000000001f7e000 JavaThread "DestroyJavaVM" [_thread_blocked, id=7324, stack(0x0000000001f80000,0x0000000002080000)]
=>0x000000001dffa000 JavaThread "Minecraft main thread" [_thread_in_native, id=1360, stack(0x0000000015ca0000,0x0000000015da0000)]
  0x0000000017cf4000 JavaThread "Timer hack thread" daemon [_thread_blocked, id=7808, stack(0x0000000016880000,0x0000000016980000)]
  0x000000001e8e8000 JavaThread "Snooper Timer" daemon [_thread_blocked, id=8232, stack(0x0000000016130000,0x0000000016230000)]
  0x0000000017a3d800 JavaThread "Thread-3" daemon [_thread_blocked, id=7004, stack(0x0000000015ba0000,0x0000000015ca0000)]
  0x0000000013613800 JavaThread "D3D Screen Updater" daemon [_thread_blocked, id=7256, stack(0x0000000016380000,0x0000000016480000)]
  0x000000001319e000 JavaThread "AWT-EventQueue-0" [_thread_blocked, id=5564, stack(0x0000000015990000,0x0000000015a90000)]
  0x000000001319d000 JavaThread "AWT-Windows" daemon [_thread_in_native, id=8684, stack(0x0000000013c60000,0x0000000013d60000)]
  0x000000001336e800 JavaThread "AWT-Shutdown" [_thread_blocked, id=8240, stack(0x0000000013b60000,0x0000000013c60000)]
  0x000000001336d800 JavaThread "Java2D Disposer" daemon [_thread_blocked, id=7860, stack(0x0000000013a60000,0x0000000013b60000)]
  0x000000001239b800 JavaThread "Service Thread" daemon [_thread_blocked, id=5196, stack(0x0000000012da0000,0x0000000012ea0000)]
  0x0000000012391800 JavaThread "C2 CompilerThread1" daemon [_thread_blocked, id=6444, stack(0x0000000012ca0000,0x0000000012da0000)]
  0x0000000012382000 JavaThread "C2 CompilerThread0" daemon [_thread_blocked, id=8992, stack(0x0000000012ba0000,0x0000000012ca0000)]
  0x000000001237f800 JavaThread "Attach Listener" daemon [_thread_blocked, id=7752, stack(0x0000000012aa0000,0x0000000012ba0000)]
  0x000000001237e800 JavaThread "Signal Dispatcher" daemon [_thread_blocked, id=8988, stack(0x00000000129a0000,0x0000000012aa0000)]
  0x000000001237e000 JavaThread "Surrogate Locker Thread (Concurrent GC)" daemon [_thread_blocked, id=6120, stack(0x00000000128a0000,0x00000000129a0000)]
  0x0000000012317800 JavaThread "Finalizer" daemon [_thread_blocked, id=8588, stack(0x00000000127a0000,0x00000000128a0000)]
  0x0000000012310800 JavaThread "Reference Handler" daemon [_thread_blocked, id=7448, stack(0x00000000126a0000,0x00000000127a0000)]

Other Threads:
  0x0000000012306000 VMThread [stack: 0x00000000125a0000,0x00000000126a0000] [id=9208]
  0x00000000123ef800 WatcherThread [stack: 0x0000000012ea0000,0x0000000012fa0000] [id=2040]

VM state:not at safepoint (normal execution)

VM Mutex/Monitor currently owned by a thread: None

Heap
 par new generation   total 200192K, used 47638K [0x000000060dc00000, 0x0000000620130000, 0x00000006228c0000)
  eden space 100160K,  26% used [0x000000060dc00000, 0x000000060f6432c8, 0x0000000613dd0000)
  from space 100032K,  20% used [0x0000000613dd0000, 0x0000000615212670, 0x0000000619f80000)
  to   space 100032K,   0% used [0x0000000619f80000, 0x0000000619f80000, 0x0000000620130000)
 concurrent mark-sweep generation total 600292K, used 523388K [0x00000006228c0000, 0x00000006472f9000, 0x00000007c0000000)
 concurrent-mark-sweep perm gen total 262144K, used 87575K [0x00000007c0000000, 0x00000007d0000000, 0x0000000800000000)

Card table byte_map: [0x0000000005640000,0x00000000065e0000] byte_map_base: 0x00000000025d2000

Polling page: 0x00000000005a0000

Code Cache  [0x0000000002180000, 0x00000000038e0000, 0x0000000005180000)
 total_blobs=8685 nmethods=7613 adapters=1020 free_code_cache=25567Kb largest_free_block=25873152

Compilation events (10 events):
Event: 354.953 Thread 0x0000000012391800 8456             net.minecraft.network.packet.Packet30Entity::func_73279_a (6 bytes)
Event: 354.957 Thread 0x0000000012391800 nmethod 8456 0x0000000003540150 code [0x00000000035402e0, 0x00000000035405f8]
Event: 355.004 Thread 0x0000000012382000 8457   !         ic2.core.block.BlockMultiID::func_71895_b (230 bytes)
Event: 355.004 Thread 0x0000000012391800 8458             ic2.core.block.BlockMultiID::getFacing (48 bytes)
Event: 355.010 Thread 0x0000000012391800 nmethod 8458 0x00000000038b3190 code [0x00000000038b3320, 0x00000000038b38e8]
Event: 355.021 Thread 0x0000000012382000 nmethod 8457 0x00000000038cd7d0 code [0x00000000038cd9e0, 0x00000000038ceb18]
Event: 355.075 Thread 0x0000000012391800 8459             appeng.proxy.helpers.FacadeProxyBC::transform (39 bytes)
Event: 355.076 Thread 0x0000000012391800 nmethod 8459 0x00000000037c2cd0 code [0x00000000037c2e20, 0x00000000037c2f38]
Event: 355.109 Thread 0x0000000012382000 8460             appeng.me.basetiles.TileCableBase::renderCableAt (698 bytes)
Event: 355.127 Thread 0x0000000012382000 nmethod 8460 0x00000000038d0310 code [0x00000000038d0640, 0x00000000038d2358]

GC Heap History (10 events):
Event: 341.644 GC heap before
{Heap before GC invocations=181 (full 6):
 par new generation   total 200192K, used 125509K [0x000000060dc00000, 0x0000000620130000, 0x00000006228c0000)
  eden space 100160K, 100% used [0x000000060dc00000, 0x0000000613dd0000, 0x0000000613dd0000)
  from space 100032K,  25% used [0x0000000619f80000, 0x000000061b841648, 0x0000000620130000)
  to   space 100032K,   0% used [0x0000000613dd0000, 0x0000000613dd0000, 0x0000000619f80000)
 concurrent mark-sweep generation total 600292K, used 510371K [0x00000006228c0000, 0x00000006472f9000, 0x00000007c0000000)
 concurrent-mark-sweep perm gen total 262144K, used 87052K [0x00000007c0000000, 0x00000007d0000000, 0x0000000800000000)
Event: 341.667 GC heap after
Heap after GC invocations=182 (full 6):
 par new generation   total 200192K, used 24331K [0x000000060dc00000, 0x0000000620130000, 0x00000006228c0000)
  eden space 100160K,   0% used [0x000000060dc00000, 0x000000060dc00000, 0x0000000613dd0000)
  from space 100032K,  24% used [0x0000000613dd0000, 0x0000000615592cb0, 0x0000000619f80000)
  to   space 100032K,   0% used [0x0000000619f80000, 0x0000000619f80000, 0x0000000620130000)
 concurrent mark-sweep generation total 600292K, used 514166K [0x00000006228c0000, 0x00000006472f9000, 0x00000007c0000000)
 concurrent-mark-sweep perm gen total 262144K, used 87052K [0x00000007c0000000, 0x00000007d0000000, 0x0000000800000000)
}
Event: 344.778 GC heap before
{Heap before GC invocations=182 (full 6):
 par new generation   total 200192K, used 124491K [0x000000060dc00000, 0x0000000620130000, 0x00000006228c0000)
  eden space 100160K, 100% used [0x000000060dc00000, 0x0000000613dd0000, 0x0000000613dd0000)
  from space 100032K,  24% used [0x0000000613dd0000, 0x0000000615592cb0, 0x0000000619f80000)
  to   space 100032K,   0% used [0x0000000619f80000, 0x0000000619f80000, 0x0000000620130000)
 concurrent mark-sweep generation total 600292K, used 514166K [0x00000006228c0000, 0x00000006472f9000, 0x00000007c0000000)
 concurrent-mark-sweep perm gen total 262144K, used 87320K [0x00000007c0000000, 0x00000007d0000000, 0x0000000800000000)
Event: 344.802 GC heap after
Heap after GC invocations=183 (full 6):
 par new generation   total 200192K, used 24934K [0x000000060dc00000, 0x0000000620130000, 0x00000006228c0000)
  eden space 100160K,   0% used [0x000000060dc00000, 0x000000060dc00000, 0x0000000613dd0000)
  from space 100032K,  24% used [0x0000000619f80000, 0x000000061b7d9be8, 0x0000000620130000)
  to   space 100032K,   0% used [0x0000000613dd0000, 0x0000000613dd0000, 0x0000000619f80000)
 concurrent mark-sweep generation total 600292K, used 516101K [0x00000006228c0000, 0x00000006472f9000, 0x00000007c0000000)
 concurrent-mark-sweep perm gen total 262144K, used 87320K [0x00000007c0000000, 0x00000007d0000000, 0x0000000800000000)
}
Event: 348.076 GC heap before
{Heap before GC invocations=183 (full 6):
 par new generation   total 200192K, used 125094K [0x000000060dc00000, 0x0000000620130000, 0x00000006228c0000)
  eden space 100160K, 100% used [0x000000060dc00000, 0x0000000613dd0000, 0x0000000613dd0000)
  from space 100032K,  24% used [0x0000000619f80000, 0x000000061b7d9be8, 0x0000000620130000)
  to   space 100032K,   0% used [0x0000000613dd0000, 0x0000000613dd0000, 0x0000000619f80000)
 concurrent mark-sweep generation total 600292K, used 516101K [0x00000006228c0000, 0x00000006472f9000, 0x00000007c0000000)
 concurrent-mark-sweep perm gen total 262144K, used 87450K [0x00000007c0000000, 0x00000007d0000000, 0x0000000800000000)
Event: 348.100 GC heap after
Heap after GC invocations=184 (full 6):
 par new generation   total 200192K, used 22680K [0x000000060dc00000, 0x0000000620130000, 0x00000006228c0000)
  eden space 100160K,   0% used [0x000000060dc00000, 0x000000060dc00000, 0x0000000613dd0000)
  from space 100032K,  22% used [0x0000000613dd0000, 0x00000006153f6060, 0x0000000619f80000)
  to   space 100032K,   0% used [0x0000000619f80000, 0x0000000619f80000, 0x0000000620130000)
 concurrent mark-sweep generation total 600292K, used 518586K [0x00000006228c0000, 0x00000006472f9000, 0x00000007c0000000)
 concurrent-mark-sweep perm gen total 262144K, used 87450K [0x00000007c0000000, 0x00000007d0000000, 0x0000000800000000)
}
Event: 349.629 GC heap before
{Heap before GC invocations=184 (full 6):
 par new generation   total 200192K, used 122840K [0x000000060dc00000, 0x0000000620130000, 0x00000006228c0000)
  eden space 100160K, 100% used [0x000000060dc00000, 0x0000000613dd0000, 0x0000000613dd0000)
  from space 100032K,  22% used [0x0000000613dd0000, 0x00000006153f6060, 0x0000000619f80000)
  to   space 100032K,   0% used [0x0000000619f80000, 0x0000000619f80000, 0x0000000620130000)
 concurrent mark-sweep generation total 600292K, used 518586K [0x00000006228c0000, 0x00000006472f9000, 0x00000007c0000000)
 concurrent-mark-sweep perm gen total 262144K, used 87530K [0x00000007c0000000, 0x00000007d0000000, 0x0000000800000000)
Event: 349.652 GC heap after
Heap after GC invocations=185 (full 6):
 par new generation   total 200192K, used 24435K [0x000000060dc00000, 0x0000000620130000, 0x00000006228c0000)
  eden space 100160K,   0% used [0x000000060dc00000, 0x000000060dc00000, 0x0000000613dd0000)
  from space 100032K,  24% used [0x0000000619f80000, 0x000000061b75cf28, 0x0000000620130000)
  to   space 100032K,   0% used [0x0000000613dd0000, 0x0000000613dd0000, 0x0000000619f80000)
 concurrent mark-sweep generation total 600292K, used 521536K [0x00000006228c0000, 0x00000006472f9000, 0x00000007c0000000)
 concurrent-mark-sweep perm gen total 262144K, used 87530K [0x00000007c0000000, 0x00000007d0000000, 0x0000000800000000)
}
Event: 353.887 GC heap before
{Heap before GC invocations=185 (full 6):
 par new generation   total 200192K, used 124595K [0x000000060dc00000, 0x0000000620130000, 0x00000006228c0000)
  eden space 100160K, 100% used [0x000000060dc00000, 0x0000000613dd0000, 0x0000000613dd0000)
  from space 100032K,  24% used [0x0000000619f80000, 0x000000061b75cf28, 0x0000000620130000)
  to   space 100032K,   0% used [0x0000000613dd0000, 0x0000000613dd0000, 0x0000000619f80000)
 concurrent mark-sweep generation total 600292K, used 521536K [0x00000006228c0000, 0x00000006472f9000, 0x00000007c0000000)
 concurrent-mark-sweep perm gen total 262144K, used 87569K [0x00000007c0000000, 0x00000007d0000000, 0x0000000800000000)
Event: 353.910 GC heap after
Heap after GC invocations=186 (full 6):
 par new generation   total 200192K, used 20745K [0x000000060dc00000, 0x0000000620130000, 0x00000006228c0000)
  eden space 100160K,   0% used [0x000000060dc00000, 0x000000060dc00000, 0x0000000613dd0000)
  from space 100032K,  20% used [0x0000000613dd0000, 0x0000000615212670, 0x0000000619f80000)
  to   space 100032K,   0% used [0x0000000619f80000, 0x0000000619f80000, 0x0000000620130000)
 concurrent mark-sweep generation total 600292K, used 523388K [0x00000006228c0000, 0x00000006472f9000, 0x00000007c0000000)
 concurrent-mark-sweep perm gen total 262144K, used 87569K [0x00000007c0000000, 0x00000007d0000000, 0x0000000800000000)
}

Deoptimization events (10 events):
Event: 354.036 Thread 0x000000001300f800 Uncommon trap -34 fr.pc 0x00000000036a1fcc
Event: 354.036 Thread 0x000000001300f800 Uncommon trap -34 fr.pc 0x00000000036a1fcc
Event: 354.036 Thread 0x000000001300f800 Uncommon trap -34 fr.pc 0x00000000036a1fcc
Event: 354.036 Thread 0x000000001300f800 Uncommon trap -34 fr.pc 0x000000000369eafc
Event: 354.056 Thread 0x000000001dffa000 Uncommon trap -42 fr.pc 0x000000000331367c
Event: 354.672 Thread 0x000000001dffa000 Uncommon trap -83 fr.pc 0x00000000037cfec4
Event: 354.672 Thread 0x000000001dffa000 Uncommon trap -83 fr.pc 0x00000000037c8c1c
Event: 354.699 Thread 0x000000001dffa000 Uncommon trap -83 fr.pc 0x00000000037c66cc
Event: 355.122 Thread 0x000000001dffa000 Uncommon trap -34 fr.pc 0x000000000340a8c4
Event: 355.122 Thread 0x000000001dffa000 Uncommon trap -34 fr.pc 0x000000000340a8c4

Internal exceptions (10 events):
Event: 355.061 Thread 0x0000000017bdc800 Threw 0x000000060f3f2a90 at C:\jdk7u2_64p\jdk7u21\hotspot\src\share\vm\prims\jvm.cpp:2846
Event: 355.061 Thread 0x0000000017bdc800 Threw 0x000000060f3f2c00 at C:\jdk7u2_64p\jdk7u21\hotspot\src\share\vm\prims\jvm.cpp:2888
Event: 355.061 Thread 0x0000000017bdc800 Threw 0x000000060f3f3910 at C:\jdk7u2_64p\jdk7u21\hotspot\src\share\vm\prims\jvm.cpp:2846
Event: 355.061 Thread 0x000000001d9d4000 Threw 0x000000060f3f3c58 at C:\jdk7u2_64p\jdk7u21\hotspot\src\share\vm\prims\jvm.cpp:2888
Event: 355.062 Thread 0x0000000017bdc800 Threw 0x000000060f3f3a80 at C:\jdk7u2_64p\jdk7u21\hotspot\src\share\vm\prims\jvm.cpp:2888
Event: 355.088 Thread 0x0000000017bdc800 Threw 0x000000060f5a8470 at C:\jdk7u2_64p\jdk7u21\hotspot\src\share\vm\prims\jvm.cpp:2888
Event: 355.120 Thread 0x0000000017bdc800 Threw 0x000000060f5a8630 at C:\jdk7u2_64p\jdk7u21\hotspot\src\share\vm\prims\jvm.cpp:2888
Event: 355.120 Thread 0x0000000017bdc800 Threw 0x000000060f5a87a0 at C:\jdk7u2_64p\jdk7u21\hotspot\src\share\vm\prims\jvm.cpp:2846
Event: 355.121 Thread 0x000000001d9d4000 Threw 0x000000060f3f3e28 at C:\jdk7u2_64p\jdk7u21\hotspot\src\share\vm\prims\jvm.cpp:2888
Event: 355.121 Thread 0x0000000017bdc800 Threw 0x000000060f5a8910 at C:\jdk7u2_64p\jdk7u21\hotspot\src\share\vm\prims\jvm.cpp:2888

Events (10 events):
Event: 354.672 Thread 0x000000001dffa000 DEOPT PACKING pc=0x00000000037cfec4 sp=0x0000000015d9ec40
Event: 354.672 Thread 0x000000001dffa000 DEOPT UNPACKING pc=0x00000000021b9164 sp=0x0000000015d9eb88 mode 2
Event: 354.672 Thread 0x000000001dffa000 DEOPT PACKING pc=0x00000000037c8c1c sp=0x0000000015d9eaf0
Event: 354.672 Thread 0x000000001dffa000 DEOPT UNPACKING pc=0x00000000021b9164 sp=0x0000000015d9ea68 mode 2
Event: 354.699 Thread 0x000000001dffa000 DEOPT PACKING pc=0x00000000037c66cc sp=0x0000000015d9ebe0
Event: 354.699 Thread 0x000000001dffa000 DEOPT UNPACKING pc=0x00000000021b9164 sp=0x0000000015d9eb80 mode 2
Event: 355.122 Thread 0x000000001dffa000 DEOPT PACKING pc=0x000000000340a8c4 sp=0x0000000015d9ec00
Event: 355.122 Thread 0x000000001dffa000 DEOPT UNPACKING pc=0x00000000021b9164 sp=0x0000000015d9eb80 mode 2
Event: 355.122 Thread 0x000000001dffa000 DEOPT PACKING pc=0x000000000340a8c4 sp=0x0000000015d9ec00
Event: 355.122 Thread 0x000000001dffa000 DEOPT UNPACKING pc=0x00000000021b9164 sp=0x0000000015d9eb80 mode 2


Dynamic libraries:
0x000007f7c2a50000 - 0x000007f7c2a83000 	C:\Program Files\Java\jre7\bin\java.exe
0x000007f907930000 - 0x000007f907af0000 	C:\Windows\SYSTEM32\ntdll.dll
0x000007f905300000 - 0x000007f905436000 	C:\Windows\system32\KERNEL32.DLL
0x000007f9048c0000 - 0x000007f9049b3000 	C:\Windows\system32\KERNELBASE.dll
0x000007f905050000 - 0x000007f90512e000 	C:\Windows\system32\ADVAPI32.dll
0x000007f904eb0000 - 0x000007f904ffc000 	C:\Windows\system32\USER32.dll
0x000007f902c50000 - 0x000007f902eba000 	C:\Windows\WinSxS\amd64_microsoft.windows.common-controls_6595b64144ccf1df_6.0.9200.16579_none_418ab7ef718b27ef\COMCTL32.dll
0x000007f907480000 - 0x000007f907525000 	C:\Windows\system32\msvcrt.dll
0x000007f905e30000 - 0x000007f905e78000 	C:\Windows\SYSTEM32\sechost.dll
0x000007f907160000 - 0x000007f9072a0000 	C:\Windows\system32\RPCRT4.dll
0x000007f9077d0000 - 0x000007f907911000 	C:\Windows\system32\GDI32.dll
0x000007f905870000 - 0x000007f9058a9000 	C:\Windows\system32\IMM32.DLL
0x000007f905750000 - 0x000007f905865000 	C:\Windows\system32\MSCTF.dll
0x00000000647f0000 - 0x00000000648c1000 	C:\Program Files\Java\jre7\bin\msvcr100.dll
0x00000000640c0000 - 0x00000000647e1000 	C:\Program Files\Java\jre7\bin\server\jvm.dll
0x000007f8fc720000 - 0x000007f8fc729000 	C:\Windows\SYSTEM32\WSOCK32.dll
0x000007f8fadd0000 - 0x000007f8fadf0000 	C:\Windows\SYSTEM32\WINMM.dll
0x000007f9077c0000 - 0x000007f9077c7000 	C:\Windows\system32\PSAPI.DLL
0x000007f907420000 - 0x000007f907478000 	C:\Windows\system32\WS2_32.dll
0x000007f8fad60000 - 0x000007f8fad92000 	C:\Windows\SYSTEM32\WINMMBASE.dll
0x000007f905c70000 - 0x000007f905c79000 	C:\Windows\system32\NSI.dll
0x00000000640b0000 - 0x00000000640bf000 	C:\Program Files\Java\jre7\bin\verify.dll
0x0000000064080000 - 0x00000000640a8000 	C:\Program Files\Java\jre7\bin\java.dll
0x0000000064060000 - 0x0000000064075000 	C:\Program Files\Java\jre7\bin\zip.dll
0x0000000063ec0000 - 0x0000000064053000 	C:\Program Files\Java\jre7\bin\awt.dll
0x000007f9072a0000 - 0x000007f907363000 	C:\Windows\system32\OLEAUT32.dll
0x000007f905c80000 - 0x000007f905e30000 	C:\Windows\system32\combase.dll
0x000007f8fdfa0000 - 0x000007f8fe03f000 	C:\Windows\system32\apphelp.dll
0x000007f903160000 - 0x000007f903181000 	C:\Windows\system32\DWMAPI.DLL
0x000007f903680000 - 0x000007f903766000 	C:\Windows\system32\uxtheme.dll
0x000007f905af0000 - 0x000007f905c6e000 	C:\Windows\system32\ole32.dll
0x000007f904710000 - 0x000007f90471a000 	C:\Windows\SYSTEM32\CRYPTBASE.dll
0x000007f9046b0000 - 0x000007f90470c000 	C:\Windows\SYSTEM32\bcryptPrimitives.dll
0x000007f8fb0e0000 - 0x000007f8fb2e0000 	C:\Windows\system32\d3d9.dll
0x000007f901960000 - 0x000007f901969000 	C:\Windows\SYSTEM32\VERSION.dll
0x000007f8fb380000 - 0x000007f8fb49e000 	C:\Windows\SYSTEM32\aticfx64.dll
0x000007f902180000 - 0x000007f90219f000 	C:\Windows\SYSTEM32\atiu9p64.dll
0x000007f8eb020000 - 0x000007f8eb6b8000 	C:\Windows\SYSTEM32\atiumd64.dll
0x00000000639d0000 - 0x0000000063eba000 	C:\Windows\SYSTEM32\atiumd6a.dll
0x0000000063990000 - 0x00000000639ce000 	C:\Program Files\Java\jre7\bin\fontmanager.dll
0x000007f905e80000 - 0x000007f907160000 	C:\Windows\system32\SHELL32.dll
0x000007f905000000 - 0x000007f905050000 	C:\Windows\system32\SHLWAPI.dll
0x000007f903350000 - 0x000007f9033e6000 	C:\Windows\SYSTEM32\shcore.dll
0x0000000063970000 - 0x0000000063989000 	C:\Program Files\Java\jre7\bin\net.dll
0x000007f9040d0000 - 0x000007f90412c000 	C:\Windows\system32\mswsock.dll
0x0000000063950000 - 0x0000000063961000 	C:\Program Files\Java\jre7\bin\nio.dll
0x0000000063900000 - 0x0000000063941000 	C:\Program Files\Java\jre7\bin\t2k.dll
0x00000000638d0000 - 0x00000000638fa000 	C:\Program Files\Java\jre7\bin\dcpr.dll
0x0000000180000000 - 0x0000000180048000 	C:\Users\Michael\AppData\Roaming\.minecraft\instances\Youtube\minecraft\bin\natives\lwjgl64.dll
0x000007f8f3c10000 - 0x000007f8f3d2f000 	C:\Windows\SYSTEM32\OPENGL32.dll
0x000007f8f8220000 - 0x000007f8f824c000 	C:\Windows\SYSTEM32\GLU32.dll
0x000007f8f4050000 - 0x000007f8f413a000 	C:\Windows\SYSTEM32\DDRAW.dll
0x000007f8fc830000 - 0x000007f8fc838000 	C:\Windows\SYSTEM32\DCIMAN32.dll
0x000007f904130000 - 0x000007f90414a000 	C:\Windows\SYSTEM32\CRYPTSP.dll
0x000007f903da0000 - 0x000007f903deb000 	C:\Windows\system32\rsaenh.dll
0x000007f903e60000 - 0x000007f903e7f000 	C:\Windows\SYSTEM32\USERENV.dll
0x000007f9047f0000 - 0x000007f904805000 	C:\Windows\SYSTEM32\profapi.dll
0x000007f8fcee0000 - 0x000007f8fcef4000 	C:\Windows\system32\napinsp.dll
0x000007f8fcfa0000 - 0x000007f8fcfb8000 	C:\Windows\system32\pnrpnsp.dll
0x000007f901970000 - 0x000007f901986000 	C:\Windows\system32\NLAapi.dll
0x000007f903f10000 - 0x000007f903fa8000 	C:\Windows\SYSTEM32\DNSAPI.dll
0x000007f8fd070000 - 0x000007f8fd082000 	C:\Windows\System32\winrnr.dll
0x000007f8fced0000 - 0x000007f8fced8000 	C:\Windows\System32\rasadhlp.dll
0x000007f8ffe20000 - 0x000007f8ffe4a000 	C:\Windows\SYSTEM32\IPHLPAPI.DLL
0x000007f8ffe10000 - 0x000007f8ffe1a000 	C:\Windows\SYSTEM32\WINNSI.DLL
0x000007f8ff600000 - 0x000007f8ff65f000 	C:\Windows\System32\fwpuclnt.dll
0x00000000638c0000 - 0x00000000638c7000 	C:\Program Files\Java\jre7\bin\jawt.dll
0x000007f8fc7e0000 - 0x000007f8fc7e9000 	C:\Windows\SYSTEM32\atig6pxx.dll
0x0000000064e30000 - 0x0000000066513000 	C:\Windows\SYSTEM32\atio6axx.dll
0x000007f905130000 - 0x000007f905300000 	C:\Windows\system32\SETUPAPI.dll
0x000007f904cb0000 - 0x000007f904cff000 	C:\Windows\system32\CFGMGR32.dll
0x000007f904d00000 - 0x000007f904d22000 	C:\Windows\system32\DEVOBJ.dll
0x000007f9015b0000 - 0x000007f901656000 	C:\Windows\SYSTEM32\atiadlxx.dll
0x000007f903c80000 - 0x000007f903c91000 	C:\Windows\SYSTEM32\WTSAPI32.dll
0x000007f904c50000 - 0x000007f904ca5000 	C:\Windows\system32\WINTRUST.dll
0x000007f9049c0000 - 0x000007f904b91000 	C:\Windows\system32\CRYPT32.dll
0x000007f9048a0000 - 0x000007f9048b6000 	C:\Windows\system32\MSASN1.dll
0x000007f8fc750000 - 0x000007f8fc75e000 	C:\Windows\SYSTEM32\atig6txx.dll
0x00000000638b0000 - 0x00000000638bb000 	C:\Program Files\Java\jre7\bin\management.dll
0x0000000063880000 - 0x00000000638a4000 	C:\Program Files\Java\jre7\bin\sunec.dll
0x0000000063870000 - 0x000000006387b000 	C:\Program Files\Java\jre7\bin\sunmscapi.dll
0x000007f8f2fa0000 - 0x000007f8f30c2000 	C:\Users\Michael\AppData\Roaming\.minecraft\instances\Youtube\minecraft\bin\natives\OpenAL64.dll
0x000007f8f5a80000 - 0x000007f8f5b0b000 	C:\Windows\SYSTEM32\dsound.dll
0x000007f903ec0000 - 0x000007f903f03000 	C:\Windows\SYSTEM32\POWRPROF.dll
0x000007f9058b0000 - 0x000007f905946000 	C:\Windows\SYSTEM32\clbcatq.dll
0x000007f902620000 - 0x000007f902682000 	C:\Windows\System32\MMDevApi.dll
0x000007f8f8020000 - 0x000007f8f8059000 	C:\Windows\SYSTEM32\wdmaud.drv
0x000007f8f4440000 - 0x000007f8f4447000 	C:\Windows\SYSTEM32\ksuser.dll
0x000007f9009f0000 - 0x000007f9009f9000 	C:\Windows\SYSTEM32\AVRT.dll
0x000007f8f68d0000 - 0x000007f8f6942000 	C:\Windows\SYSTEM32\AUDIOSES.DLL
0x000007f9018f0000 - 0x000007f9018fb000 	C:\Windows\SYSTEM32\msacm32.drv
0x000007f8ffaa0000 - 0x000007f8ffab9000 	C:\Windows\SYSTEM32\MSACM32.dll
0x000007f900aa0000 - 0x000007f900aa9000 	C:\Windows\SYSTEM32\midimap.dll
0x0000000016aa0000 - 0x0000000016adb000 	C:\Users\Michael\AppData\Roaming\.minecraft\instances\Youtube\minecraft\jacob-1.17-M2-x64.dll
0x000007f8f2e20000 - 0x000007f8f2f91000 	C:\Windows\System32\Speech\Common\sapi.dll
0x000007f902510000 - 0x000007f90251d000 	C:\Windows\SYSTEM32\msdmo.dll
0x000007f904720000 - 0x000007f9047d2000 	C:\Windows\SYSTEM32\sxs.dll
0x000007f8ff400000 - 0x000007f8ff418000 	C:\Windows\SYSTEM32\dhcpcsvc.DLL
0x000007f8ff270000 - 0x000007f8ff283000 	C:\Windows\SYSTEM32\dhcpcsvc6.DLL
0x000007f901660000 - 0x000007f9017c3000 	C:\Windows\SYSTEM32\dbghelp.dll

VM Arguments:
jvm_args: -XX:+CMSClassUnloadingEnabled -XX:PermSize=256m -XX:NewSize=256m -XX:+UseCompressedOops -XX:+UseAdaptiveGCBoundary -XX:SurvivorRatio=1 -XX:TargetSurvivorRatio=100 -XX:CompileThreshold=600 -XX:CMSInitiatingOccupancyFraction=90 -XX:SoftRefLRUPolicyMSPerMB=0 -XX:MaxPermSize=1024m -XX:+UseConcMarkSweepGC -XX:+UseParNewGC -XX:MaxHeapFreeRatio=40 -XX:MinHeapFreeRatio=30 -XX:+DisableExplicitGC -XX:MaxTenuringThreshold=5 -XX:+PrintHeapAtGC -XX:+PrintTenuringDistribution -XX:+PrintCommandLineFlags -XX:+PrintGCDetails -Xloggc:GC.log -Xms512m -Xmx6948m 
java_command: MultiMCLauncher.jar Dunkler_Drache -5926206093307218531 MultiMC: Dunkie's Butt 854x480 Mojang
Launcher Type: SUN_STANDARD

Environment Variables:
PATH=C:\Program Files (x86)\AMD APP\bin\x86_64;C:\Program Files (x86)\AMD APP\bin\x86;C:\Windows\system32;C:\Windows;C:\Windows\System32\Wbem;C:\Windows\System32\WindowsPowerShell\v1.0\;C:\Program Files (x86)\ATI Technologies\ATI.ACE\Core-Static;C:\Program Files (x86)\Panda Security\Panda Antivirus Pro 2013;C:\Program Files\Microsoft\Web Platform Installer\;C:\Program Files (x86)\Windows Kits\8.0\Windows Performance Toolkit\;C:\Program Files (x86)\GtkSharp\2.12\bin;C:\Program Files (x86)\Windows Live\Shared;C:\Program Files\Common Files\Autodesk Shared\;C:\Program Files\TortoiseSVN\bin;
USERNAME=Michael
OS=Windows_NT
PROCESSOR_IDENTIFIER=AMD64 Family 21 Model 1 Stepping 2, AuthenticAMD



---------------  S Y S T E M  ---------------

OS: Windows 8 , 64 bit Build 9200 

CPU:total 4 (4 cores per cpu, 1 threads per core) family 21 model 1 stepping 2, cmov, cx8, fxsr, mmx, sse, sse2, sse3, ssse3, sse4.1, sse4.2, popcnt, avx, mmxext, 3dnowpref, lzcnt, sse4a, tsc, tscinvbit, tscinv

Memory: 4k page, physical 8370288k(3903284k free), swap 11253872k(4988960k free)

vm_info: Java HotSpot(TM) 64-Bit Server VM (23.21-b01) for windows-amd64 JRE (1.7.0_21-b11), built on Apr  4 2013 08:11:28 by "java_re" with unknown MS VC++:1600

time: Mon Jul 22 11:13:05 2013
elapsed time: 355 seconds

