2013-07-27 10:25:59 [SERVER] [INFO] Starting integrated minecraft server version 1.5.2
2013-07-27 10:25:59 [SERVER] [INFO] Generating keypair
2013-07-27 10:25:59 [SERVER] [INFO] Converting map!
2013-07-27 10:25:59 [SERVER] [INFO] Scanning folders...
2013-07-27 10:25:59 [SERVER] [INFO] Total conversion count is 0
2013-07-27 10:26:00 [SERVER] [INFO] Preparing start region for level 0
2013-07-27 10:26:01 [SERVER] [INFO] Preparing spawn area: 5%
2013-07-27 10:26:02 [SERVER] [INFO] Preparing spawn area: 16%
2013-07-27 10:26:03 [SERVER] [INFO] Preparing spawn area: 29%
2013-07-27 10:26:04 [SERVER] [INFO] Preparing spawn area: 46%
2013-07-27 10:26:05 [SERVER] [INFO] Preparing spawn area: 59%
2013-07-27 10:26:06 [SERVER] [INFO] Preparing spawn area: 77%
2013-07-27 10:26:07 [SERVER] [INFO] Preparing spawn area: 95%
2013-07-27 10:26:08 [SERVER] [INFO] Dunkler_Drache[/127.0.0.1:0] logged in with entity id 206 at (252.5, 68.0, 239.5)
2013-07-27 10:26:15 [SERVER] [INFO] Saving and pausing game...
2013-07-27 10:26:15 [SERVER] [INFO] Saving chunks for level 'New World'/Overworld
2013-07-27 10:26:15 [SERVER] [INFO] Saving chunks for level 'New World'/Nether
2013-07-27 10:26:18 [SERVER] [INFO] Saving and pausing game...
2013-07-27 10:26:18 [SERVER] [INFO] Saving chunks for level 'New World'/Overworld
2013-07-27 10:26:18 [SERVER] [INFO] Saving chunks for level 'New World'/Nether
2013-07-27 10:26:18 [SERVER] [INFO] Stopping server
2013-07-27 10:26:18 [SERVER] [INFO] Saving players
2013-07-27 10:26:18 [SERVER] [INFO] Saving worlds
2013-07-27 10:26:18 [SERVER] [INFO] Saving chunks for level 'New World'/Overworld
2013-07-27 10:26:18 [SERVER] [INFO] Saving chunks for level 'New World'/Nether
2013-08-05 15:55:21 [SERVER] [INFO] Starting integrated minecraft server version 1.5.2
2013-08-05 15:55:21 [SERVER] [INFO] Generating keypair
2013-08-05 15:55:28 [SERVER] [INFO] Converting map!
2013-08-05 15:55:28 [SERVER] [INFO] Scanning folders...
2013-08-05 15:55:28 [SERVER] [INFO] Total conversion count is 0
2013-08-05 15:56:23 [SERVER] [INFO] Preparing start region for level 0
2013-08-05 15:56:24 [SERVER] [INFO] Preparing spawn area: 1%
2013-08-05 15:56:25 [SERVER] [INFO] Preparing spawn area: 2%
2013-08-05 15:56:26 [SERVER] [INFO] Preparing spawn area: 3%
2013-08-05 15:56:27 [SERVER] [INFO] Preparing spawn area: 4%
2013-08-05 15:56:29 [SERVER] [INFO] Preparing spawn area: 5%
2013-08-05 15:56:30 [SERVER] [INFO] Preparing spawn area: 6%
2013-08-05 15:56:31 [SERVER] [INFO] Preparing spawn area: 6%
2013-08-05 15:56:32 [SERVER] [INFO] Preparing spawn area: 7%
2013-08-05 15:56:33 [SERVER] [INFO] Preparing spawn area: 8%
2013-08-05 15:56:34 [SERVER] [INFO] Preparing spawn area: 9%
2013-08-05 15:56:35 [SERVER] [INFO] Preparing spawn area: 10%
2013-08-05 15:56:36 [SERVER] [INFO] Preparing spawn area: 11%
2013-08-05 15:56:38 [SERVER] [INFO] Preparing spawn area: 12%
2013-08-05 15:56:39 [SERVER] [INFO] Preparing spawn area: 13%
2013-08-05 15:56:40 [SERVER] [INFO] Preparing spawn area: 14%
2013-08-05 15:56:41 [SERVER] [INFO] Preparing spawn area: 15%
2013-08-05 15:56:43 [SERVER] [INFO] Preparing spawn area: 16%
2013-08-05 15:56:44 [SERVER] [INFO] Preparing spawn area: 17%
2013-08-05 15:56:45 [SERVER] [INFO] Preparing spawn area: 18%
2013-08-05 15:56:46 [SERVER] [INFO] Preparing spawn area: 19%
2013-08-05 15:56:47 [SERVER] [INFO] Preparing spawn area: 20%
2013-08-05 15:56:48 [SERVER] [INFO] Preparing spawn area: 20%
2013-08-05 15:56:49 [SERVER] [INFO] Preparing spawn area: 21%
2013-08-05 15:56:50 [SERVER] [INFO] Preparing spawn area: 23%
2013-08-05 15:56:52 [SERVER] [INFO] Preparing spawn area: 24%
2013-08-05 15:56:53 [SERVER] [INFO] Preparing spawn area: 26%
2013-08-05 15:56:54 [SERVER] [INFO] Preparing spawn area: 27%
2013-08-05 15:56:56 [SERVER] [INFO] Preparing spawn area: 28%
2013-08-05 15:56:57 [SERVER] [INFO] Preparing spawn area: 29%
2013-08-05 15:56:58 [SERVER] [INFO] Preparing spawn area: 30%
2013-08-05 15:56:59 [SERVER] [INFO] Preparing spawn area: 31%
2013-08-05 15:57:00 [SERVER] [INFO] Preparing spawn area: 32%
2013-08-05 15:57:01 [SERVER] [INFO] Preparing spawn area: 33%
2013-08-05 15:57:02 [SERVER] [INFO] Preparing spawn area: 35%
2013-08-05 15:57:03 [SERVER] [INFO] Preparing spawn area: 36%
2013-08-05 15:57:04 [SERVER] [INFO] Preparing spawn area: 37%
2013-08-05 15:57:06 [SERVER] [INFO] Preparing spawn area: 39%
2013-08-05 15:57:07 [SERVER] [INFO] Preparing spawn area: 40%
2013-08-05 15:57:08 [SERVER] [INFO] Preparing spawn area: 42%
2013-08-05 15:57:09 [SERVER] [INFO] Preparing spawn area: 43%
2013-08-05 15:57:10 [SERVER] [INFO] Preparing spawn area: 44%
2013-08-05 15:57:11 [SERVER] [INFO] Preparing spawn area: 45%
2013-08-05 15:57:30 [SERVER] [INFO] Preparing spawn area: 47%
2013-08-05 15:57:34 [SERVER] [INFO] Preparing spawn area: 47%
2013-08-05 15:57:36 [SERVER] [INFO] Preparing spawn area: 49%
2013-08-05 15:57:37 [SERVER] [INFO] Preparing spawn area: 50%
2013-08-05 15:57:48 [SERVER] [INFO] Preparing spawn area: 51%
2013-08-05 15:57:49 [SERVER] [INFO] Preparing spawn area: 52%
2013-08-05 15:57:50 [SERVER] [INFO] Preparing spawn area: 53%
2013-08-05 15:57:51 [SERVER] [INFO] Preparing spawn area: 54%
2013-08-05 15:57:52 [SERVER] [INFO] Preparing spawn area: 56%
2013-08-05 15:57:53 [SERVER] [INFO] Preparing spawn area: 57%
2013-08-05 15:57:55 [SERVER] [INFO] Preparing spawn area: 59%
2013-08-05 15:57:59 [SERVER] [INFO] Preparing spawn area: 59%
2013-08-05 15:58:03 [SERVER] [INFO] Preparing spawn area: 59%
2013-08-05 15:58:04 [SERVER] [INFO] Preparing spawn area: 60%
2013-08-05 15:58:05 [SERVER] [INFO] Preparing spawn area: 61%
2013-08-05 15:58:06 [SERVER] [INFO] Preparing spawn area: 62%
2013-08-05 15:58:11 [SERVER] [INFO] Preparing spawn area: 63%
2013-08-05 15:58:15 [SERVER] [INFO] Preparing spawn area: 63%
2013-08-05 15:58:19 [SERVER] [INFO] Preparing spawn area: 63%
2013-08-05 15:58:20 [SERVER] [INFO] Preparing spawn area: 64%
2013-08-05 15:58:21 [SERVER] [INFO] Preparing spawn area: 65%
2013-08-05 15:58:22 [SERVER] [INFO] Preparing spawn area: 66%
2013-08-05 15:58:26 [SERVER] [INFO] Preparing spawn area: 67%
2013-08-05 15:58:31 [SERVER] [INFO] Preparing spawn area: 67%
2013-08-05 15:58:41 [SERVER] [INFO] Preparing spawn area: 67%
2013-08-05 15:58:42 [SERVER] [INFO] Preparing spawn area: 68%
2013-08-05 15:58:44 [SERVER] [INFO] Preparing spawn area: 69%
2013-08-05 15:58:45 [SERVER] [INFO] Preparing spawn area: 70%
2013-08-05 15:58:46 [SERVER] [INFO] Preparing spawn area: 71%
2013-08-05 15:58:47 [SERVER] [INFO] Preparing spawn area: 73%
2013-08-05 15:58:48 [SERVER] [INFO] Preparing spawn area: 73%
2013-08-05 15:58:49 [SERVER] [INFO] Preparing spawn area: 75%
2013-08-05 15:58:51 [SERVER] [INFO] Preparing spawn area: 76%
2013-08-05 15:58:52 [SERVER] [INFO] Preparing spawn area: 76%
2013-08-05 15:58:53 [SERVER] [INFO] Preparing spawn area: 78%
2013-08-05 15:58:54 [SERVER] [INFO] Preparing spawn area: 79%
2013-08-05 15:58:55 [SERVER] [INFO] Preparing spawn area: 80%
2013-08-05 15:58:56 [SERVER] [INFO] Preparing spawn area: 80%
2013-08-05 15:58:57 [SERVER] [INFO] Preparing spawn area: 82%
2013-08-05 15:58:58 [SERVER] [INFO] Preparing spawn area: 83%
2013-08-05 15:58:59 [SERVER] [INFO] Preparing spawn area: 84%
2013-08-05 15:59:00 [SERVER] [INFO] Preparing spawn area: 85%
2013-08-05 15:59:01 [SERVER] [INFO] Preparing spawn area: 86%
2013-08-05 15:59:02 [SERVER] [INFO] Preparing spawn area: 87%
2013-08-05 15:59:04 [SERVER] [INFO] Preparing spawn area: 88%
2013-08-05 15:59:05 [SERVER] [INFO] Preparing spawn area: 89%
2013-08-05 15:59:06 [SERVER] [INFO] Preparing spawn area: 90%
2013-08-05 15:59:07 [SERVER] [INFO] Preparing spawn area: 91%
2013-08-05 15:59:08 [SERVER] [INFO] Preparing spawn area: 92%
2013-08-05 15:59:09 [SERVER] [INFO] Preparing spawn area: 93%
2013-08-05 15:59:10 [SERVER] [INFO] Preparing spawn area: 94%
2013-08-05 15:59:11 [SERVER] [INFO] Preparing spawn area: 96%
2013-08-05 15:59:12 [SERVER] [INFO] Preparing spawn area: 96%
2013-08-05 15:59:13 [SERVER] [INFO] Preparing spawn area: 97%
2013-08-05 15:59:15 [SERVER] [INFO] Preparing spawn area: 99%
2013-08-05 15:59:16 [SERVER] [INFO] Dunkler_Drache[/127.0.0.1:0] logged in with entity id 7327916 at (866.5, 16.0, -834.5)
2013-08-05 15:59:18 [SERVER] [INFO] Saving and pausing game...
2013-08-05 15:59:18 [SERVER] [INFO] Saving chunks for level 'New World'/Overworld
2013-08-05 15:59:19 [SERVER] [INFO] Saving chunks for level 'New World'/Nether
2013-08-05 15:59:19 [SERVER] [WARNING] Can't keep up! Did the system time change, or is the server overloaded?
2013-08-05 15:59:54 [SERVER] [WARNING] Can't keep up! Did the system time change, or is the server overloaded?
2013-08-05 15:59:56 [SERVER] [INFO] [Dunkler_Drache: Set own game mode to Creative Mode]
2013-08-05 16:00:28 [SERVER] [WARNING] Can't keep up! Did the system time change, or is the server overloaded?
2013-08-05 16:00:30 [SERVER] [WARNING] Can't keep up! Did the system time change, or is the server overloaded?
2013-08-05 16:00:48 [SERVER] [WARNING] Can't keep up! Did the system time change, or is the server overloaded?
2013-08-05 16:01:03 [SERVER] [WARNING] Can't keep up! Did the system time change, or is the server overloaded?
2013-08-05 16:02:18 [SERVER] [WARNING] Can't keep up! Did the system time change, or is the server overloaded?
2013-08-05 16:02:34 [SERVER] [WARNING] Can't keep up! Did the system time change, or is the server overloaded?
2013-08-05 16:02:51 [SERVER] [WARNING] Can't keep up! Did the system time change, or is the server overloaded?
2013-08-05 16:03:03 [SERVER] [INFO] Saving and pausing game...
2013-08-05 16:03:03 [SERVER] [INFO] Saving chunks for level 'New World'/Overworld
2013-08-05 16:03:03 [SERVER] [INFO] Saving chunks for level 'New World'/Nether
2013-08-05 16:03:07 [SERVER] [INFO] [Dunkler_Drache: Set own game mode to Survival Mode]
2013-08-05 16:03:10 [SERVER] [INFO] [Dunkler_Drache: Set own game mode to Survival Mode]
2013-08-05 16:03:12 [SERVER] [INFO] [Dunkler_Drache: Set own game mode to Creative Mode]
2013-08-05 16:03:26 [SERVER] [INFO] [Dunkler_Drache: Set own game mode to Survival Mode]
2013-08-05 16:03:33 [SERVER] [INFO] [Dunkler_Drache: Set own game mode to Creative Mode]
2013-08-05 16:03:55 [SERVER] [WARNING] Can't keep up! Did the system time change, or is the server overloaded?
2013-08-05 16:04:19 [SERVER] [WARNING] Can't keep up! Did the system time change, or is the server overloaded?
2013-08-05 16:04:31 [SERVER] [WARNING] Can't keep up! Did the system time change, or is the server overloaded?
2013-08-05 16:04:45 [SERVER] [WARNING] Can't keep up! Did the system time change, or is the server overloaded?
2013-08-05 16:05:53 [SERVER] [INFO] Saving and pausing game...
2013-08-05 16:05:53 [SERVER] [INFO] Saving chunks for level 'New World'/Overworld
2013-08-05 16:05:53 [SERVER] [INFO] Saving chunks for level 'New World'/Nether
2013-08-05 16:05:54 [SERVER] [INFO] Stopping server
2013-08-05 16:05:54 [SERVER] [INFO] Saving players
2013-08-05 16:05:54 [SERVER] [INFO] Saving worlds
2013-08-05 16:05:54 [SERVER] [INFO] Saving chunks for level 'New World'/Overworld
2013-08-05 16:05:54 [SERVER] [INFO] Saving chunks for level 'New World'/Nether
